[debug] [2025-03-09T00:41:14.973Z] ----------------------------------------------------------------------
[debug] [2025-03-09T00:41:14.975Z] Command:       /opt/homebrew/Cellar/node/23.9.0/bin/node /opt/homebrew/bin/firebase init
[debug] [2025-03-09T00:41:14.975Z] CLI Version:   13.33.0
[debug] [2025-03-09T00:41:14.975Z] Platform:      darwin
[debug] [2025-03-09T00:41:14.975Z] Node Version:  v23.9.0
[debug] [2025-03-09T00:41:14.975Z] Time:          Sat Mar 08 2025 21:41:14 GMT-0300 (Brasilia Standard Time)
[debug] [2025-03-09T00:41:14.975Z] ----------------------------------------------------------------------
[debug] 
[debug] [2025-03-09T00:41:14.978Z] > command requires scopes: ["email","openid","https://www.googleapis.com/auth/cloudplatformprojects.readonly","https://www.googleapis.com/auth/firebase","https://www.googleapis.com/auth/cloud-platform"]
[debug] [2025-03-09T00:41:14.978Z] > authorizing via signed-in user (yagosouzaramos1@gmail.com)
[info] 
     ######## #### ########  ######## ########     ###     ######  ########
     ##        ##  ##     ## ##       ##     ##  ##   ##  ##       ##
     ######    ##  ########  ######   ########  #########  ######  ######
     ##        ##  ##    ##  ##       ##     ## ##     ##       ## ##
     ##       #### ##     ## ######## ########  ##     ##  ######  ########

You're about to initialize a Firebase project in this directory:

  /Users/yagosouza/Developer/React/Learning-React-Firebase

[info] 
=== Project Setup
[info] 
[info] First, let's associate this project directory with a Firebase project.
[info] You can create multiple project aliases by running firebase use --add, 
[info] but for now we'll just set up a default project.
[info] 
[debug] [2025-03-09T00:42:34.269Z] Checked if tokens are valid: true, expires at: 1741484464481
[debug] [2025-03-09T00:42:34.270Z] Checked if tokens are valid: true, expires at: 1741484464481
[debug] [2025-03-09T00:42:34.271Z] >>> [apiv2][query] GET https://firebase.googleapis.com/v1beta1/projects pageSize=100
[debug] [2025-03-09T00:42:35.039Z] <<< [apiv2][status] GET https://firebase.googleapis.com/v1beta1/projects 200
[debug] [2025-03-09T00:42:35.039Z] <<< [apiv2][body] GET https://firebase.googleapis.com/v1beta1/projects [omitted]
[info] i  Using project learning-firebase-17e27 (learning-firebase) 
[info] 
=== Hosting Setup
[debug] [2025-03-09T00:43:04.861Z] Checked if tokens are valid: true, expires at: 1741484464481
[debug] [2025-03-09T00:43:04.861Z] Checked if tokens are valid: true, expires at: 1741484464481
[debug] [2025-03-09T00:43:04.861Z] >>> [apiv2][query] GET https://firebase.googleapis.com/v1beta1/projects/learning-firebase-17e27 [none]
[debug] [2025-03-09T00:43:05.365Z] <<< [apiv2][status] GET https://firebase.googleapis.com/v1beta1/projects/learning-firebase-17e27 200
[debug] [2025-03-09T00:43:05.365Z] <<< [apiv2][body] GET https://firebase.googleapis.com/v1beta1/projects/learning-firebase-17e27 {"projectId":"learning-firebase-17e27","projectNumber":"562290662211","displayName":"learning-firebase","name":"projects/learning-firebase-17e27","resources":{"hostingSite":"learning-firebase-17e27"},"state":"ACTIVE","etag":"1_07a9c966-86f8-4fd6-94e8-baff02a47839"}
[info] 
[info] Your public directory is the folder (relative to your project directory) that
[info] will contain Hosting assets to be uploaded with firebase deploy. If you
[info] have a build process for your assets, use your build's output directory.
[info] 
[info] ✔  Wrote public/404.html 
[debug] [2025-03-09T00:44:00.112Z] >>> [apiv2][query] GET https://www.gstatic.com/firebasejs/releases.json [none]
[debug] [2025-03-09T00:44:00.325Z] <<< [apiv2][status] GET https://www.gstatic.com/firebasejs/releases.json 200
[debug] [2025-03-09T00:44:00.326Z] <<< [apiv2][body] GET https://www.gstatic.com/firebasejs/releases.json {"current":{"version":"11.4.0","browserURL":"https://www.gstatic.com/firebasejs/11.4.0/firebase.js","packageURL":"https://www.gstatic.com/firebasejs/11.4.0/firebase.tgz"},"live":{"version":"11.4","browserURL":"https://www.gstatic.com/firebasejs/live/11.4/firebase.js","packageURL":"https://www.gstatic.com/firebasejs/live/11.4/firebase.tgz"},"components":{"analytics":"https://www.gstatic.com/firebasejs/11.4.0/firebase-analytics.js","app":"https://www.gstatic.com/firebasejs/11.4.0/firebase-app.js","app-check":"https://www.gstatic.com/firebasejs/11.4.0/firebase-app-check.js","auth":"https://www.gstatic.com/firebasejs/11.4.0/firebase-auth.js","auth/cordova":"https://www.gstatic.com/firebasejs/11.4.0/firebase-auth/cordova.js","auth/web-extension":"https://www.gstatic.com/firebasejs/11.4.0/firebase-auth/web-extension.js","functions":"https://www.gstatic.com/firebasejs/11.4.0/firebase-functions.js","firestore":"https://www.gstatic.com/firebasejs/11.4.0/firebase-firestore.js","firestore/lite":"https://www.gstatic.com/firebasejs/11.4.0/firebase-firestore/lite.js","installations":"https://www.gstatic.com/firebasejs/11.4.0/firebase-installations.js","storage":"https://www.gstatic.com/firebasejs/11.4.0/firebase-storage.js","performance":"https://www.gstatic.com/firebasejs/11.4.0/firebase-performance.js","remote-config":"https://www.gstatic.com/firebasejs/11.4.0/firebase-remote-config.js","messaging":"https://www.gstatic.com/firebasejs/11.4.0/firebase-messaging.js","messaging/sw":"https://www.gstatic.com/firebasejs/11.4.0/firebase-messaging/sw.js","database":"https://www.gstatic.com/firebasejs/11.4.0/firebase-database.js","vertexai":"https://www.gstatic.com/firebasejs/11.4.0/firebase-vertexai.js","data-connect":"https://www.gstatic.com/firebasejs/11.4.0/firebase-data-connect.js","firestore.memory":"https://www.gstatic.com/firebasejs/11.4.0/firebase-firestore.memory.js"}}
[info] ✔  Wrote public/index.html 
[info] 
[info] i  Didn't detect a .git folder. Assuming /Users/yagosouza/Developer/React/Learning-React-Firebase is the project root. 
[info] i  Authorizing with GitHub to upload your service account to a GitHub repository's secrets store. 
[info] 
[info] Visit this URL on this device to log in:
[info] https://github.com/login/oauth/authorize?client_id=89cf50f02ac6aaed3484&state=517913470&redirect_uri=http%3A%2F%2Flocalhost%3A9005&scope=read%3Auser%20repo%20public_repo
[info] 
[info] Waiting for authentication...
[debug] [2025-03-09T00:44:13.842Z] >>> [apiv2][query] POST https://github.com/login/oauth/access_token [none]
[debug] [2025-03-09T00:44:13.843Z] >>> [apiv2][body] POST https://github.com/login/oauth/access_token [stream]
[debug] [2025-03-09T00:44:14.280Z] <<< [apiv2][status] POST https://github.com/login/oauth/access_token 200
[debug] [2025-03-09T00:44:14.280Z] <<< [apiv2][body] POST https://github.com/login/oauth/access_token {"access_token":"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","token_type":"bearer","scope":"read:user,repo"}
[debug] [2025-03-09T00:44:14.285Z] >>> [apiv2][query] GET https://api.github.com/user [none]
[debug] [2025-03-09T00:44:14.703Z] <<< [apiv2][status] GET https://api.github.com/user 200
[debug] [2025-03-09T00:44:14.704Z] <<< [apiv2][body] GET https://api.github.com/user {"login":"Nhagss","id":96441356,"node_id":"U_kgDOBb-UDA","avatar_url":"https://avatars.githubusercontent.com/u/96441356?v=4","gravatar_id":"","url":"https://api.github.com/users/Nhagss","html_url":"https://github.com/Nhagss","followers_url":"https://api.github.com/users/Nhagss/followers","following_url":"https://api.github.com/users/Nhagss/following{/other_user}","gists_url":"https://api.github.com/users/Nhagss/gists{/gist_id}","starred_url":"https://api.github.com/users/Nhagss/starred{/owner}{/repo}","subscriptions_url":"https://api.github.com/users/Nhagss/subscriptions","organizations_url":"https://api.github.com/users/Nhagss/orgs","repos_url":"https://api.github.com/users/Nhagss/repos","events_url":"https://api.github.com/users/Nhagss/events{/privacy}","received_events_url":"https://api.github.com/users/Nhagss/received_events","type":"User","user_view_type":"private","site_admin":false,"name":"Yago Souza Ramos","company":null,"blog":"","location":null,"email":null,"hireable":null,"bio":null,"twitter_username":null,"notification_email":null,"public_repos":5,"public_gists":1,"followers":8,"following":3,"created_at":"2021-12-20T18:17:01Z","updated_at":"2025-03-09T00:44:10Z","private_gists":0,"total_private_repos":9,"owned_private_repos":8,"disk_usage":1455,"collaborators":2,"two_factor_authentication":false,"plan":{"name":"free","space":976562499,"collaborators":0,"private_repos":10000}}
[info] 
[info] ✔  Success! Logged into GitHub as Nhagss 
[info] 
